Base path: E:/UNITY/2018.4.15f1/Editor/Data
Cmd: initializeCompiler
Cmd: compileComputeKernel
  api=4 insize=13661 outsize=21453 ok=1
Cmd: compileComputeKernel
  api=4 insize=13661 outsize=38829 ok=1
Cmd: compileComputeKernel
  api=4 insize=13661 outsize=31133 ok=1
Cmd: compileComputeKernel
  api=4 insize=13661 outsize=67889 ok=1
Cmd: compileComputeKernel
  api=4 insize=13661 outsize=41257 ok=1
Cmd: compileComputeKernel
  api=4 insize=13661 outsize=58545 ok=1
Cmd: compileComputeKernel
  api=4 insize=13661 outsize=61305 ok=1
Cmd: compileComputeKernel
  api=4 insize=26681 outsize=15525 ok=1
Cmd: compileComputeKernel
  api=4 insize=2134 outsize=349 ok=1
Cmd: compileComputeKernel
  api=4 insize=8005 outsize=4833 ok=1
Cmd: compileComputeKernel
  api=4 insize=6353 outsize=1037 ok=1
Cmd: compileComputeKernel
  api=4 insize=18731 outsize=8553 ok=1
Cmd: compileComputeKernel
  api=4 insize=19063 outsize=14105 ok=1
Cmd: compileComputeKernel
  api=4 insize=2953 outsize=353 ok=1
Cmd: compileComputeKernel
  api=4 insize=692 outsize=573 ok=1
Cmd: compileComputeKernel
  api=4 insize=1580 outsize=16105 ok=1
Cmd: compileComputeKernel
  api=4 insize=36517 outsize=33537 ok=1
Cmd: compileComputeKernel
  api=4 insize=16866 outsize=6893 ok=1
Cmd: compileComputeKernel
  api=4 insize=16866 outsize=7029 ok=1
Cmd: compileComputeKernel
  api=4 insize=16866 outsize=6805 ok=1
Cmd: compileComputeKernel
  api=4 insize=16866 outsize=8773 ok=1
Cmd: compileComputeKernel
  api=4 insize=16866 outsize=7957 ok=1
Cmd: compileComputeKernel
  api=4 insize=16866 outsize=8077 ok=1
Cmd: compileComputeKernel
  api=4 insize=16866 outsize=9941 ok=1
Cmd: compileComputeKernel
  api=4 insize=16866 outsize=10773 ok=1
Cmd: initializeCompiler
Cmd: initializeCompiler
Cmd: initializeCompiler
Cmd: initializeCompiler
Cmd: initializeCompiler
Cmd: initializeCompiler
Cmd: initializeCompiler
Cmd: initializeCompiler
Cmd: initializeCompiler
Cmd: initializeCompiler
Cmd: initializeCompiler
Cmd: initializeCompiler
Cmd: initializeCompiler
Cmd: initializeCompiler
Cmd: initializeCompiler
Cmd: initializeCompiler
Cmd: initializeCompiler
Cmd: initializeCompiler
Cmd: initializeCompiler
Cmd: initializeCompiler
Cmd: initializeCompiler
Cmd: initializeCompiler
Cmd: initializeCompiler
Cmd: initializeCompiler
Cmd: initializeCompiler
Cmd: initializeCompiler
Cmd: initializeCompiler
Cmd: initializeCompiler
Cmd: initializeCompiler
Unhandled exception: Protocol error - unexpected end of data (did the Editor crash?)

Quitting shader compiler process
